Starting custom build wrapper...

added 768 packages, and audited 769 packages in 15s

173 packages are looking for funding
  run `npm fund` for details

10 vulnerabilities (5 moderate, 5 high)

To address issues that do not require attention, run:
  npm audit fix

To address all issues (including breaking changes), run:
  npm audit fix --force

Run `npm audit` for details.
Prisma schema loaded from prisma/schema.prisma.
Error: Prisma schema validation - (get-config wasm)
Error code: P1012
error: The datasource property `url` is no longer supported in schema files. Move connection URLs for Migrate to `prisma.config.ts` and pass either `adapter` for a direct database connection or `accelerateUrl` for Accelerate to the `PrismaClient` constructor. See https://pris.ly/d/config-datasource and https://pris.ly/d/prisma7-client-config
  -->  prisma/schema.prisma:8
   | 
 7 |   provider = "postgresql"
 8 |   url      = env("DATABASE_URL")
   | 

Validation Error Count: 1
[Context: getConfig]

Prisma CLI Version : 7.8.0
Build finished with status 1
